21-05-14 23:52:37-INFO-sima signed up.
21-05-14 23:52:46-INFO-sima signed in.
21-05-14 23:53:04-INFO-sima took DS.
21-05-14 23:55:19-INFO-sima signed in.
21-05-14 23:55:27-INFO-sima took DS.
21-05-15 00:12:37-INFO-sima signed in.
21-05-15 00:12:42-INFO-sima took DS.
21-05-15 00:16:19-INFO-ala signed up.
21-05-15 00:19:09-INFO-ala signed up.
21-05-15 00:20:28-INFO-sima signed up.
21-05-15 00:20:48-INFO-sima signed in.
21-05-15 00:21:19-INFO-sima signed in.
21-05-15 00:23:13-INFO-sima signed in.
21-05-15 00:23:59-INFO-sima signed in.
21-05-15 00:24:10-INFO-sima took DS.
21-05-15 00:24:42-INFO-general_admin signed in.
21-05-15 00:25:24-INFO-sima signed in.
21-05-15 00:26:23-INFO-sima signed in.
21-05-15 00:26:33-INFO-sima signed in.
21-05-15 00:27:27-INFO-sima signed in.
21-05-15 00:27:38-INFO-sima removed DS.
21-05-15 00:30:50-INFO-sima signed in.
21-05-15 00:30:54-INFO-sima took DS.
21-05-15 00:31:01-INFO-sima signed in.
21-05-15 00:31:18-INFO-sima removed DS.
21-05-15 11:01:53-INFO-polymer_admin signed in.
21-05-15 11:02:24-INFO-computer_admin signed in.
21-05-15 11:02:40-INFO-civil_admin signed in.
21-05-15 11:02:56-INFO-general_admin signed in.
21-05-15 11:03:44-INFO-mechanic_admin signed in.
21-05-15 11:04:06-INFO-computer_admin signed in.
21-05-15 11:04:52-INFO-computer_admin signed in.
21-05-15 11:05:34-INFO-computer_admin signed in.
21-05-15 11:07:44-INFO-computer_admin signed in.
21-05-15 11:08:29-INFO-civil_admin signed in.
21-05-15 11:09:46-INFO-computer_admin signed in.
21-05-15 11:12:15-INFO-computer_admin signed in.
21-05-15 11:12:28-INFO-DS created.
21-05-15 11:13:43-INFO-DS deleted.
21-05-15 11:14:10-INFO-DS created.
21-05-15 11:22:16-INFO-computer_admin signed in.
21-05-15 11:25:10-INFO-computer_admin signed in.
21-05-15 11:27:24-INFO-computer_admin signed in.
21-05-15 11:29:32-INFO-computer_admin signed in.
21-05-15 11:31:13-INFO-sima signed up.
21-05-15 11:32:31-INFO-sima signed in.
21-05-15 11:37:16-INFO-sima signed in.
21-05-15 11:38:04-INFO-sima signed in.
21-05-15 11:39:04-INFO-sima signed in.
21-05-15 11:39:32-INFO-sima signed in.
21-05-15 11:40:45-INFO-sima signed in.
21-05-15 11:41:54-INFO-computer_admin signed in.
21-05-15 11:42:07-INFO-DS created.
21-05-15 11:53:48-INFO-civil_admin signed in.
21-05-15 11:54:33-INFO-general_admin signed in.
21-05-15 12:01:18-INFO-sima signed in.
21-05-15 12:02:02-INFO-sima signed in.
21-05-15 12:02:34-INFO-sima signed in.
21-05-15 12:04:15-INFO-sima signed in.
21-05-15 12:05:16-INFO-sima signed in.
21-05-15 12:06:03-INFO-general_admin signed in.
21-05-15 12:06:54-INFO-sima not confirmed.
21-05-15 12:07:05-INFO-sima not confirmed.
21-05-15 12:07:57-INFO-Andishe1 created.
21-05-15 12:08:49-INFO-Andishe2 created.
21-05-15 12:08:55-INFO-Andishe2 deleted.
21-05-15 12:09:17-INFO-sima signed in.
21-05-15 12:09:44-INFO-sima took Andishe1.
21-05-15 12:10:19-INFO-sima removed Andishe1.
